<?xml version="1.0" encoding="UTF-8"?>
<!-- Generated by org.testng.reporters.JUnitReportReporter -->
<testsuite hostname="LAPTOP-0SOJJLOM" failures="0" tests="2" name="classTestNG.ClassNotesClass5" time="23.911" errors="0" timestamp="2020-02-08T22:43:41 CST" skipped="0">
  <testcase classname="classTestNG.ClassNotesClass5" name="validUserShouldBeAbleToLogin" time="12.571"/>
  <testcase classname="classTestNG.ClassNotesClass5" name="invalidUsersShouldNotBeAbleToLogin" time="11.340"/>
</testsuite> <!-- classTestNG.ClassNotesClass5 -->
