<?xml version="1.0" encoding="UTF-8"?>
<!-- Generated by org.testng.reporters.JUnitReportReporter -->
<testsuite hostname="LAPTOP-0SOJJLOM" failures="0" tests="1" name="classTestNG.LoginTest" time="13.262" errors="0" timestamp="2020-02-08T18:47:32 CST" skipped="0">
  <testcase classname="classTestNG.LoginTest" name="loginTest" time="13.262"/>
</testsuite> <!-- classTestNG.LoginTest -->
